<?xml version="1.0" encoding="UTF-8"?>
<testng-results skipped="0" failed="0" ignored="0" total="2" passed="2">
  <reporter-output>
  </reporter-output>
  <suite name="SampleProject Suite" duration-ms="71307" started-at="2019-01-29T10:03:52Z" finished-at="2019-01-29T10:05:04Z">
    <groups>
    </groups>
    <test name="testchrome" duration-ms="61360" started-at="2019-01-29T10:03:52Z" finished-at="2019-01-29T10:04:54Z">
      <class name="com.test.ta.TATestCases">
        <test-method status="PASS" signature="setup()[pri:0, instance:com.test.ta.TATestCases@59e5ddf]" name="setup" is-config="true" duration-ms="12" started-at="2019-01-29T10:03:52Z" finished-at="2019-01-29T10:03:52Z">
          <reporter-output>
          </reporter-output>
        </test-method> <!-- setup -->
        <test-method status="PASS" signature="test1(java.lang.String)[pri:0, instance:com.test.ta.TATestCases@59e5ddf]" name="test1" duration-ms="59001" started-at="2019-01-29T10:03:52Z" finished-at="2019-01-29T10:04:51Z">
          <params>
            <param index="0">
              <value>
                <![CDATA[chrome]]>
              </value>
            </param>
          </params>
          <reporter-output>
          </reporter-output>
        </test-method> <!-- test1 -->
        <test-method status="PASS" signature="teardown()[pri:0, instance:com.test.ta.TATestCases@59e5ddf]" name="teardown" is-config="true" duration-ms="2320" started-at="2019-01-29T10:04:51Z" finished-at="2019-01-29T10:04:54Z">
          <reporter-output>
          </reporter-output>
        </test-method> <!-- teardown -->
      </class> <!-- com.test.ta.TATestCases -->
    </test> <!-- testchrome -->
    <test name="testfirefox" duration-ms="71307" started-at="2019-01-29T10:03:52Z" finished-at="2019-01-29T10:05:04Z">
      <class name="com.test.ta.TATestCases">
        <test-method status="PASS" signature="setup()[pri:0, instance:com.test.ta.TATestCases@3dfc5fb8]" name="setup" is-config="true" duration-ms="12" started-at="2019-01-29T10:03:52Z" finished-at="2019-01-29T10:03:52Z">
          <reporter-output>
          </reporter-output>
        </test-method> <!-- setup -->
        <test-method status="PASS" signature="test1(java.lang.String)[pri:0, instance:com.test.ta.TATestCases@3dfc5fb8]" name="test1" duration-ms="67705" started-at="2019-01-29T10:03:52Z" finished-at="2019-01-29T10:05:00Z">
          <params>
            <param index="0">
              <value>
                <![CDATA[firefox]]>
              </value>
            </param>
          </params>
          <reporter-output>
          </reporter-output>
        </test-method> <!-- test1 -->
        <test-method status="PASS" signature="teardown()[pri:0, instance:com.test.ta.TATestCases@3dfc5fb8]" name="teardown" is-config="true" duration-ms="3570" started-at="2019-01-29T10:05:00Z" finished-at="2019-01-29T10:05:04Z">
          <reporter-output>
          </reporter-output>
        </test-method> <!-- teardown -->
      </class> <!-- com.test.ta.TATestCases -->
    </test> <!-- testfirefox -->
  </suite> <!-- SampleProject Suite -->
</testng-results>
