<?xml version="1.0" encoding="UTF-8"?>
<!-- Generated by org.testng.reporters.JUnitXMLReporter -->
<testsuite hostname="L-MAA-25006357" ignored="0" name="Default test" tests="1" failures="1" timestamp="28 Jan 2019 16:43:45 GMT" time="47.666" errors="0">
  <testcase name="@AfterTest teardown" time="0.0" classname="com.test.ta.TATestCases">
    <failure type="java.lang.NullPointerException">
      <![CDATA[java.lang.NullPointerException
at com.test.ta.TATestCases.teardown(TATestCases.java:86)
at sun.reflect.NativeMethodAccessorImpl.invoke0(Native Method)
at sun.reflect.NativeMethodAccessorImpl.invoke(Unknown Source)
at sun.reflect.DelegatingMethodAccessorImpl.invoke(Unknown Source)
at java.lang.reflect.Method.invoke(Unknown Source)
at org.testng.internal.MethodInvocationHelper.invokeMethod(MethodInvocationHelper.java:124)
at org.testng.internal.MethodInvocationHelper.invokeMethodConsideringTimeout(MethodInvocationHelper.java:59)
at org.testng.internal.Invoker.invokeConfigurationMethod(Invoker.java:455)
at org.testng.internal.Invoker.invokeConfigurations(Invoker.java:222)
at org.testng.internal.Invoker.invokeConfigurations(Invoker.java:142)
at org.testng.TestRunner.afterRun(TestRunner.java:725)
at org.testng.TestRunner.run(TestRunner.java:509)
at org.testng.SuiteRunner.runTest(SuiteRunner.java:455)
at org.testng.SuiteRunner.runSequentially(SuiteRunner.java:450)
at org.testng.SuiteRunner.privateRun(SuiteRunner.java:415)
at org.testng.SuiteRunner.run(SuiteRunner.java:364)
at org.testng.SuiteRunnerWorker.runSuite(SuiteRunnerWorker.java:52)
at org.testng.SuiteRunnerWorker.run(SuiteRunnerWorker.java:84)
at org.testng.TestNG.runSuitesSequentially(TestNG.java:1208)
at org.testng.TestNG.runSuitesLocally(TestNG.java:1137)
at org.testng.TestNG.runSuites(TestNG.java:1049)
at org.testng.TestNG.run(TestNG.java:1017)
at org.testng.remote.AbstractRemoteTestNG.run(AbstractRemoteTestNG.java:114)
at org.testng.remote.RemoteTestNG.initAndRun(RemoteTestNG.java:251)
at org.testng.remote.RemoteTestNG.main(RemoteTestNG.java:77)
]]>
    </failure>
  </testcase> <!-- @AfterTest teardown -->
  <testcase name="test" time="47.619" classname="com.test.ta.TATestCases">
    <failure type="org.openqa.selenium.WebDriverException" message="Failed to connect to binary FirefoxBinary(C:\Program Files (x86)\Mozilla Firefox\firefox.exe) on port 7055; process output follows: 
&amp;quot;icons/lightbulb.svg&amp;quot;,&amp;quot;48&amp;quot;:&amp;quot;icons/lightbulb.svg&amp;quot;,&amp;quot;96&amp;quot;:&amp;quot;icons/lightbulb.svg&amp;quot;,&amp;quot;128&amp;quot;:&amp;quot;icons/lightbulb.svg&amp;quot;},&amp;quot;iconURL&amp;quot;:null,&amp;quot;icon64URL&amp;quot;:null,&amp;quot;blocklistState&amp;quot;:0,&amp;quot;blocklistURL&amp;quot;:null,&amp;quot;startupData&amp;quot;:null,&amp;quot;hidden&amp;quot;:true,&amp;quot;installTelemetryInfo&amp;quot;:null,&amp;quot;location&amp;quot;:&amp;quot;app-system-defaults&amp;quot;}
1548693779656	addons.xpi	DEBUG	Updating XPIState for {&amp;quot;id&amp;quot;:&amp;quot;webcompat@mozilla.org&amp;quot;,&amp;quot;syncGUID&amp;quot;:&amp;quot;{4a21b3fd-9494-44d5-b3e4-b5927654b9e8}&amp;quot;,&amp;quot;version&amp;quot;:&amp;quot;3.0.0&amp;quot;,&amp;quot;type&amp;quot;:&amp;quot;webextension&amp;quot;,&amp;quot;updateURL&amp;quot;:null,&amp;quot;optionsURL&amp;quot;:null,&amp;quot;optionsType&amp;quot;:null,&amp;quot;optionsBrowserStyle&amp;quot;:true,&amp;quot;aboutURL&amp;quot;:null,&amp;quot;defaultLocale&amp;quot;:{&amp;quot;name&amp;quot;:&amp;quot;Web Compat&amp;quot;,&amp;quot;description&amp;quot;:&amp;quot;Urgent post-release fixes for web compatibility.&amp;quot;,&amp;quot;creator&amp;quot;:null,&amp;quot;developers&amp;quot;:null,&amp;quot;translators&amp;quot;:null,&amp;quot;contributors&amp;quot;:null},&amp;quot;visible&amp;quot;:true,&amp;quot;active&amp;quot;:true,&amp;quot;userDisabled&amp;quot;:false,&amp;quot;appDisabled&amp;quot;:false,&amp;quot;installDate&amp;quot;:1544135130337,&amp;quot;updateDate&amp;quot;:1544135130337,&amp;quot;applyBackgroundUpdates&amp;quot;:1,&amp;quot;path&amp;quot;:&amp;quot;C:\\Program Files (x86)\\Mozilla Firefox\\browser\\features\\webcompat@mozilla.org.xpi&amp;quot;,&amp;quot;skinnable&amp;quot;:false,&amp;quot;sourceURI&amp;quot;:null,&amp;quot;releaseNotesURI&amp;quot;:null,&amp;quot;softDisabled&amp;quot;:false,&amp;quot;foreignInstall&amp;quot;:false,&amp;quot;strictCompatibility&amp;quot;:true,&amp;quot;locales&amp;quot;:[],&amp;quot;targetApplications&amp;quot;:[{&amp;quot;id&amp;quot;:&amp;quot;toolkit@mozilla.org&amp;quot;,&amp;quot;minVersion&amp;quot;:&amp;quot;59.0b5&amp;quot;,&amp;quot;maxVersion&amp;quot;:null}],&amp;quot;targetPlatforms&amp;quot;:[],&amp;quot;seen&amp;quot;:true,&amp;quot;dependencies&amp;quot;:[],&amp;quot;hasEmbeddedWebExtension&amp;quot;:false,&amp;quot;userPermissions&amp;quot;:{&amp;quot;permissions&amp;quot;:[&amp;quot;webRequest&amp;quot;,&amp;quot;webRequestBlocking&amp;quot;],&amp;quot;origins&amp;quot;:[&amp;quot;&amp;lt;all_urls&amp;gt;&amp;quot;]},&amp;quot;icons&amp;quot;:{},&amp;quot;iconURL&amp;quot;:null,&amp;quot;icon64URL&amp;quot;:null,&amp;quot;blocklistState&amp;quot;:0,&amp;quot;blocklistURL&amp;quot;:null,&amp;quot;startupData&amp;quot;:null,&amp;quot;hidden&amp;quot;:true,&amp;quot;installTelemetryInfo&amp;quot;:null,&amp;quot;location&amp;quot;:&amp;quot;app-system-defaults&amp;quot;}
1548693779656	addons.xpi-utils	DEBUG	Updating add-on states
1548693779657	addons.xpi	DEBUG	Calling bootstrap method startup on formautofill@mozilla.org version 1.0
1548693779659	addons.xpi	DEBUG	Calling bootstrap method startup on screenshots@mozilla.org version 35.0.0
1548693779660	addons.xpi	DEBUG	Calling bootstrap method startup on webcompat@mozilla.org version 3.0.0
1548693779661	addons.manager	DEBUG	Registering shutdown blocker for XPIProvider
1548693779661	addons.manager	DEBUG	Provider finished startup: XPIProvider
1548693779661	addons.manager	DEBUG	Starting provider: LightweightThemeManager
1548693779661	addons.manager	DEBUG	Registering shutdown blocker for LightweightThemeManager
1548693779662	addons.manager	DEBUG	Provider finished startup: LightweightThemeManager
1548693779662	addons.manager	DEBUG	Starting provider: GMPProvider
1548693779664	addons.manager	DEBUG	Registering shutdown blocker for GMPProvider
1548693779664	addons.manager	DEBUG	Provider finished startup: GMPProvider
1548693779664	addons.manager	DEBUG	Starting provider: PluginProvider
1548693779664	addons.manager	DEBUG	Registering shutdown blocker for PluginProvider
1548693779664	addons.manager	DEBUG	Provider finished startup: PluginProvider
1548693779667	addons.manager	DEBUG	Completed startup sequence
1548693779864	addons.xpi-utils	DEBUG	XPI Database saved, setting schema version preference to 27
1548693779994	addons.repository	DEBUG	No addons.json found.
1548693780801	addons.xpi	DEBUG	Ignoring file: name is not a valid add-on ID: C:\Users\ypashashaik\AppData\Local\Temp\1\anonymous262299324814290464webdriver-profile\extensions\webdriver-staging
1548693780801	addons.xpi	DEBUG	Existing add-on formautofill@mozilla.org in app-system-defaults
1548693780802	addons.xpi	DEBUG	Existing add-on screenshots@mozilla.org in app-system-defaults
1548693780802	addons.xpi	DEBUG	Existing add-on webcompat-reporter@mozilla.org in app-system-defaults
1548693780802	addons.xpi	DEBUG	Existing add-on webcompat@mozilla.org in app-system-defaults
1548693780803	addons.xpi	DEBUG	scanForChanges changed: false, state: {}
JavaScript error: resource://gre/modules/addons/XPIProvider.jsm, line 2600: TypeError: addon is null
1548693780861	addons.manager	DEBUG	Registering upgrade listener for formautofill@mozilla.org
1548693806605	addons.productaddons	INFO	sending request to: https://aus5.mozilla.org/update/3/GMP/64.0.2/20190108160530/WINNT_x86-msvc-x64/en-US/release/Windows_NT%2010.0.0.0.16299.904%20(x64)/default/default/update.xml

Build info: version: &amp;apos;2.53.1&amp;apos;, revision: &amp;apos;a36b8b1cd5757287168e54b817830adce9b0158d&amp;apos;, time: &amp;apos;2016-06-30 19:26:09&amp;apos;
System info: host: &amp;apos;L-MAA-25006357&amp;apos;, ip: &amp;apos;172.23.142.97&amp;apos;, os.name: &amp;apos;Windows 10&amp;apos;, os.arch: &amp;apos;amd64&amp;apos;, os.version: &amp;apos;10.0&amp;apos;, java.version: &amp;apos;1.8.0_191&amp;apos;
Driver info: driver.version: FirefoxDriver">
      <![CDATA[org.openqa.selenium.WebDriverException: Failed to connect to binary FirefoxBinary(C:\Program Files (x86)\Mozilla Firefox\firefox.exe) on port 7055; process output follows: 
"icons/lightbulb.svg","48":"icons/lightbulb.svg","96":"icons/lightbulb.svg","128":"icons/lightbulb.svg"},"iconURL":null,"icon64URL":null,"blocklistState":0,"blocklistURL":null,"startupData":null,"hidden":true,"installTelemetryInfo":null,"location":"app-system-defaults"}
1548693779656addons.xpiDEBUGUpdating XPIState for {"id":"webcompat@mozilla.org","syncGUID":"{4a21b3fd-9494-44d5-b3e4-b5927654b9e8}","version":"3.0.0","type":"webextension","updateURL":null,"optionsURL":null,"optionsType":null,"optionsBrowserStyle":true,"aboutURL":null,"defaultLocale":{"name":"Web Compat","description":"Urgent post-release fixes for web compatibility.","creator":null,"developers":null,"translators":null,"contributors":null},"visible":true,"active":true,"userDisabled":false,"appDisabled":false,"installDate":1544135130337,"updateDate":1544135130337,"applyBackgroundUpdates":1,"path":"C:\\Program Files (x86)\\Mozilla Firefox\\browser\\features\\webcompat@mozilla.org.xpi","skinnable":false,"sourceURI":null,"releaseNotesURI":null,"softDisabled":false,"foreignInstall":false,"strictCompatibility":true,"locales":[],"targetApplications":[{"id":"toolkit@mozilla.org","minVersion":"59.0b5","maxVersion":null}],"targetPlatforms":[],"seen":true,"dependencies":[],"hasEmbeddedWebExtension":false,"userPermissions":{"permissions":["webRequest","webRequestBlocking"],"origins":["<all_urls>"]},"icons":{},"iconURL":null,"icon64URL":null,"blocklistState":0,"blocklistURL":null,"startupData":null,"hidden":true,"installTelemetryInfo":null,"location":"app-system-defaults"}
1548693779656addons.xpi-utilsDEBUGUpdating add-on states
1548693779657addons.xpiDEBUGCalling bootstrap method startup on formautofill@mozilla.org version 1.0
1548693779659addons.xpiDEBUGCalling bootstrap method startup on screenshots@mozilla.org version 35.0.0
1548693779660addons.xpiDEBUGCalling bootstrap method startup on webcompat@mozilla.org version 3.0.0
1548693779661addons.managerDEBUGRegistering shutdown blocker for XPIProvider
1548693779661addons.managerDEBUGProvider finished startup: XPIProvider
1548693779661addons.managerDEBUGStarting provider: LightweightThemeManager
1548693779661addons.managerDEBUGRegistering shutdown blocker for LightweightThemeManager
1548693779662addons.managerDEBUGProvider finished startup: LightweightThemeManager
1548693779662addons.managerDEBUGStarting provider: GMPProvider
1548693779664addons.managerDEBUGRegistering shutdown blocker for GMPProvider
1548693779664addons.managerDEBUGProvider finished startup: GMPProvider
1548693779664addons.managerDEBUGStarting provider: PluginProvider
1548693779664addons.managerDEBUGRegistering shutdown blocker for PluginProvider
1548693779664addons.managerDEBUGProvider finished startup: PluginProvider
1548693779667addons.managerDEBUGCompleted startup sequence
1548693779864addons.xpi-utilsDEBUGXPI Database saved, setting schema version preference to 27
1548693779994addons.repositoryDEBUGNo addons.json found.
1548693780801addons.xpiDEBUGIgnoring file: name is not a valid add-on ID: C:\Users\ypashashaik\AppData\Local\Temp\1\anonymous262299324814290464webdriver-profile\extensions\webdriver-staging
1548693780801addons.xpiDEBUGExisting add-on formautofill@mozilla.org in app-system-defaults
1548693780802addons.xpiDEBUGExisting add-on screenshots@mozilla.org in app-system-defaults
1548693780802addons.xpiDEBUGExisting add-on webcompat-reporter@mozilla.org in app-system-defaults
1548693780802addons.xpiDEBUGExisting add-on webcompat@mozilla.org in app-system-defaults
1548693780803addons.xpiDEBUGscanForChanges changed: false, state: {}
JavaScript error: resource://gre/modules/addons/XPIProvider.jsm, line 2600: TypeError: addon is null
1548693780861addons.managerDEBUGRegistering upgrade listener for formautofill@mozilla.org
1548693806605addons.productaddonsINFOsending request to: https://aus5.mozilla.org/update/3/GMP/64.0.2/20190108160530/WINNT_x86-msvc-x64/en-US/release/Windows_NT%2010.0.0.0.16299.904%20(x64)/default/default/update.xml

Build info: version: '2.53.1', revision: 'a36b8b1cd5757287168e54b817830adce9b0158d', time: '2016-06-30 19:26:09'
System info: host: 'L-MAA-25006357', ip: '172.23.142.97', os.name: 'Windows 10', os.arch: 'amd64', os.version: '10.0', java.version: '1.8.0_191'
Driver info: driver.version: FirefoxDriver
at org.openqa.selenium.firefox.internal.NewProfileExtensionConnection.start(NewProfileExtensionConnection.java:125)
at org.openqa.selenium.firefox.FirefoxDriver.startClient(FirefoxDriver.java:271)
at org.openqa.selenium.remote.RemoteWebDriver.<init>(RemoteWebDriver.java:119)
at org.openqa.selenium.firefox.FirefoxDriver.<init>(FirefoxDriver.java:216)
at org.openqa.selenium.firefox.FirefoxDriver.<init>(FirefoxDriver.java:211)
at org.openqa.selenium.firefox.FirefoxDriver.<init>(FirefoxDriver.java:128)
at Utilities.WebDriverFactory.getDriver(WebDriverFactory.java:52)
at com.test.ta.TATestCases.test(TATestCases.java:36)
at sun.reflect.NativeMethodAccessorImpl.invoke0(Native Method)
at sun.reflect.NativeMethodAccessorImpl.invoke(Unknown Source)
at sun.reflect.DelegatingMethodAccessorImpl.invoke(Unknown Source)
at java.lang.reflect.Method.invoke(Unknown Source)
at org.testng.internal.MethodInvocationHelper.invokeMethod(MethodInvocationHelper.java:124)
at org.testng.internal.Invoker.invokeMethod(Invoker.java:580)
at org.testng.internal.Invoker.invokeTestMethod(Invoker.java:716)
at org.testng.internal.Invoker.invokeTestMethods(Invoker.java:988)
at org.testng.internal.TestMethodWorker.invokeTestMethods(TestMethodWorker.java:125)
at org.testng.internal.TestMethodWorker.run(TestMethodWorker.java:109)
at org.testng.TestRunner.privateRun(TestRunner.java:648)
at org.testng.TestRunner.run(TestRunner.java:505)
at org.testng.SuiteRunner.runTest(SuiteRunner.java:455)
at org.testng.SuiteRunner.runSequentially(SuiteRunner.java:450)
at org.testng.SuiteRunner.privateRun(SuiteRunner.java:415)
at org.testng.SuiteRunner.run(SuiteRunner.java:364)
at org.testng.SuiteRunnerWorker.runSuite(SuiteRunnerWorker.java:52)
at org.testng.SuiteRunnerWorker.run(SuiteRunnerWorker.java:84)
at org.testng.TestNG.runSuitesSequentially(TestNG.java:1208)
at org.testng.TestNG.runSuitesLocally(TestNG.java:1137)
at org.testng.TestNG.runSuites(TestNG.java:1049)
at org.testng.TestNG.run(TestNG.java:1017)
at org.testng.remote.AbstractRemoteTestNG.run(AbstractRemoteTestNG.java:114)
at org.testng.remote.RemoteTestNG.initAndRun(RemoteTestNG.java:251)
at org.testng.remote.RemoteTestNG.main(RemoteTestNG.java:77)
Caused by: org.openqa.selenium.firefox.NotConnectedException: Unable to connect to host 127.0.0.1 on port 7055 after 45000 ms. Firefox console output:
"icons/lightbulb.svg","48":"icons/lightbulb.svg","96":"icons/lightbulb.svg","128":"icons/lightbulb.svg"},"iconURL":null,"icon64URL":null,"blocklistState":0,"blocklistURL":null,"startupData":null,"hidden":true,"installTelemetryInfo":null,"location":"app-system-defaults"}
1548693779656addons.xpiDEBUGUpdating XPIState for {"id":"webcompat@mozilla.org","syncGUID":"{4a21b3fd-9494-44d5-b3e4-b5927654b9e8}","version":"3.0.0","type":"webextension","updateURL":null,"optionsURL":null,"optionsType":null,"optionsBrowserStyle":true,"aboutURL":null,"defaultLocale":{"name":"Web Compat","description":"Urgent post-release fixes for web compatibility.","creator":null,"developers":null,"translators":null,"contributors":null},"visible":true,"active":true,"userDisabled":false,"appDisabled":false,"installDate":1544135130337,"updateDate":1544135130337,"applyBackgroundUpdates":1,"path":"C:\\Program Files (x86)\\Mozilla Firefox\\browser\\features\\webcompat@mozilla.org.xpi","skinnable":false,"sourceURI":null,"releaseNotesURI":null,"softDisabled":false,"foreignInstall":false,"strictCompatibility":true,"locales":[],"targetApplications":[{"id":"toolkit@mozilla.org","minVersion":"59.0b5","maxVersion":null}],"targetPlatforms":[],"seen":true,"dependencies":[],"hasEmbeddedWebExtension":false,"userPermissions":{"permissions":["webRequest","webRequestBlocking"],"origins":["<all_urls>"]},"icons":{},"iconURL":null,"icon64URL":null,"blocklistState":0,"blocklistURL":null,"startupData":null,"hidden":true,"installTelemetryInfo":null,"location":"app-system-defaults"}
1548693779656addons.xpi-utilsDEBUGUpdating add-on states
1548693779657addons.xpiDEBUGCalling bootstrap method startup on formautofill@mozilla.org version 1.0
1548693779659addons.xpiDEBUGCalling bootstrap method startup on screenshots@mozilla.org version 35.0.0
1548693779660addons.xpiDEBUGCalling bootstrap method startup on webcompat@mozilla.org version 3.0.0
1548693779661addons.managerDEBUGRegistering shutdown blocker for XPIProvider
1548693779661addons.managerDEBUGProvider finished startup: XPIProvider
1548693779661addons.managerDEBUGStarting provider: LightweightThemeManager
1548693779661addons.managerDEBUGRegistering shutdown blocker for LightweightThemeManager
1548693779662addons.managerDEBUGProvider finished startup: LightweightThemeManager
1548693779662addons.managerDEBUGStarting provider: GMPProvider
1548693779664addons.managerDEBUGRegistering shutdown blocker for GMPProvider
1548693779664addons.managerDEBUGProvider finished startup: GMPProvider
1548693779664addons.managerDEBUGStarting provider: PluginProvider
1548693779664addons.managerDEBUGRegistering shutdown blocker for PluginProvider
1548693779664addons.managerDEBUGProvider finished startup: PluginProvider
1548693779667addons.managerDEBUGCompleted startup sequence
1548693779864addons.xpi-utilsDEBUGXPI Database saved, setting schema version preference to 27
1548693779994addons.repositoryDEBUGNo addons.json found.
1548693780801addons.xpiDEBUGIgnoring file: name is not a valid add-on ID: C:\Users\ypashashaik\AppData\Local\Temp\1\anonymous262299324814290464webdriver-profile\extensions\webdriver-staging
1548693780801addons.xpiDEBUGExisting add-on formautofill@mozilla.org in app-system-defaults
1548693780802addons.xpiDEBUGExisting add-on screenshots@mozilla.org in app-system-defaults
1548693780802addons.xpiDEBUGExisting add-on webcompat-reporter@mozilla.org in app-system-defaults
1548693780802addons.xpiDEBUGExisting add-on webcompat@mozilla.org in app-system-defaults
1548693780803addons.xpiDEBUGscanForChanges changed: false, state: {}
JavaScript error: resource://gre/modules/addons/XPIProvider.jsm, line 2600: TypeError: addon is null
1548693780861addons.managerDEBUGRegistering upgrade listener for formautofill@mozilla.org
1548693806605addons.productaddonsINFOsending request to: https://aus5.mozilla.org/update/3/GMP/64.0.2/20190108160530/WINNT_x86-msvc-x64/en-US/release/Windows_NT%2010.0.0.0.16299.904%20(x64)/default/default/update.xml

at org.openqa.selenium.firefox.internal.NewProfileExtensionConnection.start(NewProfileExtensionConnection.java:113)
... 32 more
]]>
    </failure>
  </testcase> <!-- test -->
</testsuite> <!-- Default test -->
